La génération a démarré 31/10/2013 13:52:34.
     1>Projet "E:\abs sockets\Projet2\Projet2\Projet2.vcxproj" sur le nœud 2 (Rebuild cible(s)).
     1>ClCompile:
         C:\Program Files (x86)\Microsoft Visual Studio 11.0\VC\bin\CL.exe /c /ZI /nologo /W3 /WX- /sdl /Od /Oy- /D ABS_SOCKET_EXPORTS /D WIN32 /D _DEBUG /D _WINDOWS /D _USRDLL /D _WINDLL /D _MBCS /Gm /EHsc /RTC1 /MDd /GS /fp:precise /Zc:wchar_t /Zc:forScope /Fo"Debug\\" /Fd"Debug\vc110.pdb" /Gd /TP /analyze- /errorReport:prompt AMonitorable.cpp cBuffer.cpp streamManager.cpp TcpClient.cpp ClientAccepted.cpp TcpServer.cpp UdpClient.cpp UdpServer.cpp WinInit.cpp
         WinInit.cpp
         UdpServer.cpp
         UdpClient.cpp
         TcpServer.cpp
         ClientAccepted.cpp
         TcpClient.cpp
         streamManager.cpp
         cBuffer.cpp
         AMonitorable.cpp
         Génération de code en cours...
       Link:
         C:\Program Files (x86)\Microsoft Visual Studio 11.0\VC\bin\link.exe /ERRORREPORT:PROMPT /OUT:"E:\abs sockets\testUnitaireSocket\Debug\Projet2.dll" /INCREMENTAL /NOLOGO kernel32.lib user32.lib gdi32.lib winspool.lib comdlg32.lib advapi32.lib shell32.lib ole32.lib oleaut32.lib uuid.lib odbc32.lib odbccp32.lib /MANIFEST /MANIFESTUAC:"level='asInvoker' uiAccess='false'" /manifest:embed /DEBUG /PDB:"E:\abs sockets\testUnitaireSocket\Debug\Projet2.pdb" /TLBID:1 /DYNAMICBASE /NXCOMPAT /IMPLIB:"E:\abs sockets\testUnitaireSocket\Debug\Projet2.lib" /MACHINE:X86 /DLL Debug\AMonitorable.obj
         Debug\cBuffer.obj
         Debug\streamManager.obj
         Debug\TcpClient.obj
         Debug\ClientAccepted.obj
         Debug\TcpServer.obj
         Debug\UdpClient.obj
         Debug\UdpServer.obj
         Debug\WinInit.obj
            Création de la bibliothèque E:\abs sockets\testUnitaireSocket\Debug\Projet2.lib et de l'objet E:\abs sockets\testUnitaireSocket\Debug\Projet2.exp
         Projet2.vcxproj -> E:\abs sockets\testUnitaireSocket\Debug\Projet2.dll
     1>Génération du projet "E:\abs sockets\Projet2\Projet2\Projet2.vcxproj" terminée (Rebuild cible(s)).

La génération a réussi.

Temps écoulé 00:00:12.25
