E:\ABS SOCKETS\PROJET2\PROJET2\DEBUG\AMONITORABLE.OBJ
E:\ABS SOCKETS\PROJET2\PROJET2\DEBUG\CBUFFER.OBJ
E:\ABS SOCKETS\PROJET2\PROJET2\DEBUG\STREAMMANAGER.OBJ
E:\ABS SOCKETS\PROJET2\PROJET2\DEBUG\TCPCLIENT.OBJ
E:\ABS SOCKETS\PROJET2\PROJET2\DEBUG\CLIENTACCEPTED.OBJ
E:\ABS SOCKETS\PROJET2\PROJET2\DEBUG\TCPSERVER.OBJ
E:\ABS SOCKETS\PROJET2\PROJET2\DEBUG\UDPCLIENT.OBJ
E:\ABS SOCKETS\PROJET2\PROJET2\DEBUG\UDPSERVER.OBJ
E:\ABS SOCKETS\PROJET2\PROJET2\DEBUG\WININIT.OBJ
E:\ABS SOCKETS\PROJET2\PROJET2\DEBUG\VC110.PDB
E:\ABS SOCKETS\TESTUNITAIRESOCKET\DEBUG\PROJET2.ILK
E:\ABS SOCKETS\TESTUNITAIRESOCKET\DEBUG\PROJET2.DLL
E:\ABS SOCKETS\TESTUNITAIRESOCKET\DEBUG\PROJET2.PDB
E:\abs sockets\testUnitaireSocket\Debug\Projet2.lib
E:\abs sockets\testUnitaireSocket\Debug\Projet2.exp
E:\abs sockets\Projet2\Projet2\Debug\AMonitorable.obj
E:\abs sockets\Projet2\Projet2\Debug\cBuffer.obj
E:\abs sockets\Projet2\Projet2\Debug\ClientAccepted.obj
E:\abs sockets\Projet2\Projet2\Debug\streamManager.obj
E:\abs sockets\Projet2\Projet2\Debug\TcpClient.obj
E:\abs sockets\Projet2\Projet2\Debug\TcpServer.obj
E:\abs sockets\Projet2\Projet2\Debug\UdpClient.obj
E:\abs sockets\Projet2\Projet2\Debug\UdpServer.obj
E:\abs sockets\Projet2\Projet2\Debug\WinInit.obj
E:\abs sockets\Projet2\Projet2\Debug\cl.command.1.tlog
E:\abs sockets\Projet2\Projet2\Debug\CL.read.1.tlog
E:\abs sockets\Projet2\Projet2\Debug\CL.write.1.tlog
E:\abs sockets\Projet2\Projet2\Debug\link-cvtres.read.1.tlog
E:\abs sockets\Projet2\Projet2\Debug\link-cvtres.write.1.tlog
E:\abs sockets\Projet2\Projet2\Debug\link-rc.read.1.tlog
E:\abs sockets\Projet2\Projet2\Debug\link-rc.write.1.tlog
E:\abs sockets\Projet2\Projet2\Debug\link.command.1.tlog
E:\abs sockets\Projet2\Projet2\Debug\link.read.1.tlog
E:\abs sockets\Projet2\Projet2\Debug\link.write.1.tlog
E:\abs sockets\Projet2\Projet2\Debug\Projet2.write.1.tlog
E:\abs sockets\Projet2\Projet2\Debug\vc110.idb
E:\abs sockets\Projet2\Projet2\Debug\vc110.pdb
E:\abs sockets\testUnitaireSocket\Debug\Projet2.pdb
E:\abs sockets\testUnitaireSocket\Debug\Projet2.dll
E:\abs sockets\testUnitaireSocket\Debug\Projet2.ilk
